# JRE version: Java(TM) SE Runtime Environment (24.0.1+9) (build 24.0.1+9-30)
# Java VM: Java HotSpot(TM) 64-Bit Server VM (24.0.1+9-30, mixed mode, sharing, tiered, compressed oops, compressed class ptrs, g1 gc, windows-amd64)
GC Precious Log:
 CardTable entry size: 512
 Card Set container configuration: InlinePtr #cards 4 size 8 Array Of Cards #cards 16 size 48 Howl #buckets 8 coarsen threshold 3686 Howl Bitmap #cards 512 size 80 coarsen threshold 460 Card regions per heap region 1 cards per card region 4096
 CPUs: 12 total, 12 available
 Memory: 16163M
 Large Page Support: Disabled
 NUMA Support: Disabled
 Compressed Oops: Enabled (Zero based)
 Heap Region Size: 2M
 Heap Min Capacity: 8M
 Heap Initial Capacity: 254M
 Heap Max Capacity: 4042M
 Pre-touch: Disabled
 Parallel Workers: 10
 Concurrent Workers: 3
 Concurrent Refinement Workers: 10
 Periodic GC: Disabled
Heap:
 garbage-first heap   total reserved 4139008K, committed 239616K, used 127347K [0x0000000703600000, 0x0000000800000000)
  region size 2048K, 33 young (67584K), 3 survivors (6144K)
 Metaspace       used 36713K, committed 37312K, reserved 1114112K
  class space    used 3585K, committed 3840K, reserved 1048576K
GC Heap History (20 events):
Event: 4.208 GC heap before
{Heap before GC invocations=5 (full 0):
 garbage-first heap   total reserved 4139008K, committed 122880K, used 88290K [0x0000000703600000, 0x0000000800000000)
  region size 2048K, 31 young (63488K), 9 survivors (18432K)
 Metaspace       used 26651K, committed 26944K, reserved 1114112K
  class space    used 2555K, committed 2688K, reserved 1048576K
}
Event: 4.234 GC heap after
{Heap after GC invocations=6 (full 0):
 garbage-first heap   total reserved 4139008K, committed 122880K, used 50231K [0x0000000703600000, 0x0000000800000000)
  region size 2048K, 3 young (6144K), 3 survivors (6144K)
 Metaspace       used 26651K, committed 26944K, reserved 1114112K
  class space    used 2555K, committed 2688K, reserved 1048576K
}
Event: 4.725 GC heap before
{Heap before GC invocations=6 (full 0):
 garbage-first heap   total reserved 4139008K, committed 122880K, used 95287K [0x0000000703600000, 0x0000000800000000)
  region size 2048K, 25 young (51200K), 3 survivors (6144K)
 Metaspace       used 28722K, committed 29184K, reserved 1114112K
  class space    used 2747K, committed 2944K, reserved 1048576K
}
Event: 4.733 GC heap after
{Heap after GC invocations=7 (full 0):
 garbage-first heap   total reserved 4139008K, committed 122880K, used 52034K [0x0000000703600000, 0x0000000800000000)
  region size 2048K, 2 young (4096K), 2 survivors (4096K)
 Metaspace       used 28722K, committed 29184K, reserved 1114112K
  class space    used 2747K, committed 2944K, reserved 1048576K
}
Event: 5.193 GC heap before
{Heap before GC invocations=7 (full 0):
 garbage-first heap   total reserved 4139008K, committed 122880K, used 95042K [0x0000000703600000, 0x0000000800000000)
  region size 2048K, 24 young (49152K), 2 survivors (4096K)
 Metaspace       used 29739K, committed 30272K, reserved 1114112K
  class space    used 2874K, committed 3136K, reserved 1048576K
}
Event: 5.201 GC heap after
{Heap after GC invocations=8 (full 0):
 garbage-first heap   total reserved 4139008K, committed 122880K, used 53013K [0x0000000703600000, 0x0000000800000000)
  region size 2048K, 2 young (4096K), 2 survivors (4096K)
 Metaspace       used 29739K, committed 30272K, reserved 1114112K
  class space    used 2874K, committed 3136K, reserved 1048576K
}
Event: 5.550 GC heap before
{Heap before GC invocations=8 (full 0):
 garbage-first heap   total reserved 4139008K, committed 122880K, used 100117K [0x0000000703600000, 0x0000000800000000)
  region size 2048K, 25 young (51200K), 2 survivors (4096K)
 Metaspace       used 30020K, committed 30592K, reserved 1114112K
  class space    used 2892K, committed 3136K, reserved 1048576K
}
Event: 5.563 GC heap after
{Heap after GC invocations=9 (full 0):
 garbage-first heap   total reserved 4139008K, committed 169984K, used 55416K [0x0000000703600000, 0x0000000800000000)
  region size 2048K, 3 young (6144K), 3 survivors (6144K)
 Metaspace       used 30020K, committed 30592K, reserved 1114112K
  class space    used 2892K, committed 3136K, reserved 1048576K
}
Event: 5.872 GC heap before
{Heap before GC invocations=9 (full 0):
 garbage-first heap   total reserved 4139008K, committed 169984K, used 137336K [0x0000000703600000, 0x0000000800000000)
  region size 2048K, 43 young (88064K), 3 survivors (6144K)
 Metaspace       used 30145K, committed 30720K, reserved 1114112K
  class space    used 2901K, committed 3136K, reserved 1048576K
}
Event: 5.888 GC heap after
{Heap after GC invocations=10 (full 0):
 garbage-first heap   total reserved 4139008K, committed 169984K, used 59512K [0x0000000703600000, 0x0000000800000000)
  region size 2048K, 5 young (10240K), 5 survivors (10240K)
 Metaspace       used 30145K, committed 30720K, reserved 1114112K
  class space    used 2901K, committed 3136K, reserved 1048576K
}
Event: 6.089 GC heap before
{Heap before GC invocations=10 (full 0):
 garbage-first heap   total reserved 4139008K, committed 169984K, used 141432K [0x0000000703600000, 0x0000000800000000)
  region size 2048K, 45 young (92160K), 5 survivors (10240K)
 Metaspace       used 30215K, committed 30848K, reserved 1114112K
  class space    used 2904K, committed 3200K, reserved 1048576K
}
Event: 6.104 GC heap after
{Heap after GC invocations=11 (full 0):
 garbage-first heap   total reserved 4139008K, committed 169984K, used 62740K [0x0000000703600000, 0x0000000800000000)
  region size 2048K, 4 young (8192K), 4 survivors (8192K)
 Metaspace       used 30215K, committed 30848K, reserved 1114112K
  class space    used 2904K, committed 3200K, reserved 1048576K
}
Event: 6.705 GC heap before
{Heap before GC invocations=11 (full 0):
 garbage-first heap   total reserved 4139008K, committed 169984K, used 113940K [0x0000000703600000, 0x0000000800000000)
  region size 2048K, 30 young (61440K), 4 survivors (8192K)
 Metaspace       used 35768K, committed 36288K, reserved 1114112K
  class space    used 3534K, committed 3776K, reserved 1048576K
}
Event: 6.719 GC heap after
{Heap after GC invocations=12 (full 0):
 garbage-first heap   total reserved 4139008K, committed 169984K, used 67208K [0x0000000703600000, 0x0000000800000000)
  region size 2048K, 4 young (8192K), 4 survivors (8192K)
 Metaspace       used 35768K, committed 36288K, reserved 1114112K
  class space    used 3534K, committed 3776K, reserved 1048576K
}
Event: 7.821 GC heap before
{Heap before GC invocations=13 (full 0):
 garbage-first heap   total reserved 4139008K, committed 169984K, used 147080K [0x0000000703600000, 0x0000000800000000)
  region size 2048K, 43 young (88064K), 4 survivors (8192K)
 Metaspace       used 36564K, committed 37120K, reserved 1114112K
  class space    used 3584K, committed 3840K, reserved 1048576K
}
Event: 7.833 GC heap after
{Heap after GC invocations=14 (full 0):
 garbage-first heap   total reserved 4139008K, committed 169984K, used 68287K [0x0000000703600000, 0x0000000800000000)
  region size 2048K, 3 young (6144K), 3 survivors (6144K)
 Metaspace       used 36564K, committed 37120K, reserved 1114112K
  class space    used 3584K, committed 3840K, reserved 1048576K
}
Event: 8.239 GC heap before
{Heap before GC invocations=14 (full 0):
 garbage-first heap   total reserved 4139008K, committed 169984K, used 152255K [0x0000000703600000, 0x0000000800000000)
  region size 2048K, 44 young (90112K), 3 survivors (6144K)
 Metaspace       used 36625K, committed 37184K, reserved 1114112K
  class space    used 3584K, committed 3840K, reserved 1048576K
}
Event: 8.252 GC heap after
{Heap after GC invocations=15 (full 0):
 garbage-first heap   total reserved 4139008K, committed 239616K, used 69945K [0x0000000703600000, 0x0000000800000000)
  region size 2048K, 4 young (8192K), 4 survivors (8192K)
 Metaspace       used 36625K, committed 37184K, reserved 1114112K
  class space    used 3584K, committed 3840K, reserved 1048576K
}
Event: 8.659 GC heap before
{Heap before GC invocations=15 (full 0):
 garbage-first heap   total reserved 4139008K, committed 239616K, used 205113K [0x0000000703600000, 0x0000000800000000)
  region size 2048K, 70 young (143360K), 4 survivors (8192K)
 Metaspace       used 36708K, committed 37312K, reserved 1114112K
  class space    used 3585K, committed 3840K, reserved 1048576K
}
Event: 8.665 GC heap after
{Heap after GC invocations=16 (full 0):
 garbage-first heap   total reserved 4139008K, committed 239616K, used 67955K [0x0000000703600000, 0x0000000800000000)
  region size 2048K, 3 young (6144K), 3 survivors (6144K)
 Metaspace       used 36708K, committed 37312K, reserved 1114112K
  class space    used 3585K, committed 3840K, reserved 1048576K
}

