# JRE version: Java(TM) SE Runtime Environment (24.0.1+9) (build 24.0.1+9-30)
# Java VM: Java HotSpot(TM) 64-Bit Server VM (24.0.1+9-30, mixed mode, sharing, tiered, compressed oops, compressed class ptrs, g1 gc, windows-amd64)
GC Precious Log:
 CardTable entry size: 512
 Card Set container configuration: InlinePtr #cards 4 size 8 Array Of Cards #cards 16 size 48 Howl #buckets 8 coarsen threshold 3686 Howl Bitmap #cards 512 size 80 coarsen threshold 460 Card regions per heap region 1 cards per card region 4096
 CPUs: 12 total, 12 available
 Memory: 16163M
 Large Page Support: Disabled
 NUMA Support: Disabled
 Compressed Oops: Enabled (Zero based)
 Heap Region Size: 2M
 Heap Min Capacity: 8M
 Heap Initial Capacity: 254M
 Heap Max Capacity: 4042M
 Pre-touch: Disabled
 Parallel Workers: 10
 Concurrent Workers: 3
 Concurrent Refinement Workers: 10
 Periodic GC: Disabled
Heap:
 garbage-first heap   total reserved 4139008K, committed 210944K, used 108852K [0x0000000703600000, 0x0000000800000000)
  region size 2048K, 24 young (49152K), 3 survivors (6144K)
 Metaspace       used 36208K, committed 36800K, reserved 1114112K
  class space    used 3547K, committed 3776K, reserved 1048576K
GC Heap History (20 events):
Event: 2.983 GC heap before
{Heap before GC invocations=2 (full 0):
 garbage-first heap   total reserved 4139008K, committed 262144K, used 172116K [0x0000000703600000, 0x0000000800000000)
  region size 2048K, 51 young (104448K), 8 survivors (16384K)
 Metaspace       used 21230K, committed 21504K, reserved 1114112K
  class space    used 2035K, committed 2176K, reserved 1048576K
}
Event: 2.999 GC heap after
{Heap after GC invocations=3 (full 0):
 garbage-first heap   total reserved 4139008K, committed 262144K, used 26804K [0x0000000703600000, 0x0000000800000000)
  region size 2048K, 4 young (8192K), 4 survivors (8192K)
 Metaspace       used 21230K, committed 21504K, reserved 1114112K
  class space    used 2035K, committed 2176K, reserved 1048576K
}
Event: 4.018 GC heap before
{Heap before GC invocations=4 (full 0):
 garbage-first heap   total reserved 4139008K, committed 96256K, used 94388K [0x0000000703600000, 0x0000000800000000)
  region size 2048K, 37 young (75776K), 4 survivors (8192K)
 Metaspace       used 26282K, committed 26624K, reserved 1114112K
  class space    used 2547K, committed 2688K, reserved 1048576K
}
Event: 4.041 GC heap after
{Heap after GC invocations=5 (full 0):
 garbage-first heap   total reserved 4139008K, committed 122880K, used 42922K [0x0000000703600000, 0x0000000800000000)
  region size 2048K, 9 young (18432K), 9 survivors (18432K)
 Metaspace       used 26282K, committed 26624K, reserved 1114112K
  class space    used 2547K, committed 2688K, reserved 1048576K
}
Event: 4.605 GC heap before
{Heap before GC invocations=5 (full 0):
 garbage-first heap   total reserved 4139008K, committed 122880K, used 87978K [0x0000000703600000, 0x0000000800000000)
  region size 2048K, 31 young (63488K), 9 survivors (18432K)
 Metaspace       used 26656K, committed 27008K, reserved 1114112K
  class space    used 2550K, committed 2688K, reserved 1048576K
}
Event: 4.644 GC heap after
{Heap after GC invocations=6 (full 0):
 garbage-first heap   total reserved 4139008K, committed 122880K, used 50197K [0x0000000703600000, 0x0000000800000000)
  region size 2048K, 3 young (6144K), 3 survivors (6144K)
 Metaspace       used 26656K, committed 27008K, reserved 1114112K
  class space    used 2550K, committed 2688K, reserved 1048576K
}
Event: 5.256 GC heap before
{Heap before GC invocations=6 (full 0):
 garbage-first heap   total reserved 4139008K, committed 122880K, used 95253K [0x0000000703600000, 0x0000000800000000)
  region size 2048K, 25 young (51200K), 3 survivors (6144K)
 Metaspace       used 28666K, committed 29056K, reserved 1114112K
  class space    used 2730K, committed 2880K, reserved 1048576K
}
Event: 5.269 GC heap after
{Heap after GC invocations=7 (full 0):
 garbage-first heap   total reserved 4139008K, committed 122880K, used 52146K [0x0000000703600000, 0x0000000800000000)
  region size 2048K, 2 young (4096K), 2 survivors (4096K)
 Metaspace       used 28666K, committed 29056K, reserved 1114112K
  class space    used 2730K, committed 2880K, reserved 1048576K
}
Event: 5.757 GC heap before
{Heap before GC invocations=7 (full 0):
 garbage-first heap   total reserved 4139008K, committed 122880K, used 95154K [0x0000000703600000, 0x0000000800000000)
  region size 2048K, 24 young (49152K), 2 survivors (4096K)
 Metaspace       used 29744K, committed 30272K, reserved 1114112K
  class space    used 2870K, committed 3136K, reserved 1048576K
}
Event: 5.764 GC heap after
{Heap after GC invocations=8 (full 0):
 garbage-first heap   total reserved 4139008K, committed 122880K, used 53481K [0x0000000703600000, 0x0000000800000000)
  region size 2048K, 2 young (4096K), 2 survivors (4096K)
 Metaspace       used 29744K, committed 30272K, reserved 1114112K
  class space    used 2870K, committed 3136K, reserved 1048576K
}
Event: 6.136 GC heap before
{Heap before GC invocations=8 (full 0):
 garbage-first heap   total reserved 4139008K, committed 122880K, used 100585K [0x0000000703600000, 0x0000000800000000)
  region size 2048K, 25 young (51200K), 2 survivors (4096K)
 Metaspace       used 30021K, committed 30592K, reserved 1114112K
  class space    used 2888K, committed 3136K, reserved 1048576K
}
Event: 6.152 GC heap after
{Heap after GC invocations=9 (full 0):
 garbage-first heap   total reserved 4139008K, committed 155648K, used 55307K [0x0000000703600000, 0x0000000800000000)
  region size 2048K, 3 young (6144K), 3 survivors (6144K)
 Metaspace       used 30021K, committed 30592K, reserved 1114112K
  class space    used 2888K, committed 3136K, reserved 1048576K
}
Event: 6.592 GC heap before
{Heap before GC invocations=9 (full 0):
 garbage-first heap   total reserved 4139008K, committed 155648K, used 126987K [0x0000000703600000, 0x0000000800000000)
  region size 2048K, 38 young (77824K), 3 survivors (6144K)
 Metaspace       used 30132K, committed 30720K, reserved 1114112K
  class space    used 2897K, committed 3136K, reserved 1048576K
}
Event: 6.607 GC heap after
{Heap after GC invocations=10 (full 0):
 garbage-first heap   total reserved 4139008K, committed 155648K, used 59862K [0x0000000703600000, 0x0000000800000000)
  region size 2048K, 4 young (8192K), 4 survivors (8192K)
 Metaspace       used 30132K, committed 30720K, reserved 1114112K
  class space    used 2897K, committed 3136K, reserved 1048576K
}
Event: 6.869 GC heap before
{Heap before GC invocations=10 (full 0):
 garbage-first heap   total reserved 4139008K, committed 155648K, used 131542K [0x0000000703600000, 0x0000000800000000)
  region size 2048K, 39 young (79872K), 4 survivors (8192K)
 Metaspace       used 30215K, committed 30848K, reserved 1114112K
  class space    used 2901K, committed 3200K, reserved 1048576K
}
Event: 6.883 GC heap after
{Heap after GC invocations=11 (full 0):
 garbage-first heap   total reserved 4139008K, committed 155648K, used 63063K [0x0000000703600000, 0x0000000800000000)
  region size 2048K, 4 young (8192K), 4 survivors (8192K)
 Metaspace       used 30215K, committed 30848K, reserved 1114112K
  class space    used 2901K, committed 3200K, reserved 1048576K
}
Event: 7.439 GC heap before
{Heap before GC invocations=11 (full 0):
 garbage-first heap   total reserved 4139008K, committed 155648K, used 132695K [0x0000000703600000, 0x0000000800000000)
  region size 2048K, 38 young (77824K), 4 survivors (8192K)
 Metaspace       used 35487K, committed 36096K, reserved 1114112K
  class space    used 3512K, committed 3776K, reserved 1048576K
}
Event: 7.451 GC heap after
{Heap after GC invocations=12 (full 0):
 garbage-first heap   total reserved 4139008K, committed 155648K, used 66432K [0x0000000703600000, 0x0000000800000000)
  region size 2048K, 4 young (8192K), 4 survivors (8192K)
 Metaspace       used 35487K, committed 36096K, reserved 1114112K
  class space    used 3512K, committed 3776K, reserved 1048576K
}
Event: 7.534 GC heap before
{Heap before GC invocations=12 (full 0):
 garbage-first heap   total reserved 4139008K, committed 155648K, used 76672K [0x0000000703600000, 0x0000000800000000)
  region size 2048K, 10 young (20480K), 4 survivors (8192K)
 Metaspace       used 35757K, committed 36288K, reserved 1114112K
  class space    used 3528K, committed 3776K, reserved 1048576K
}
Event: 7.540 GC heap after
{Heap after GC invocations=13 (full 0):
 garbage-first heap   total reserved 4139008K, committed 210944K, used 67892K [0x0000000703600000, 0x0000000800000000)
  region size 2048K, 3 young (6144K), 3 survivors (6144K)
 Metaspace       used 35757K, committed 36288K, reserved 1114112K
  class space    used 3528K, committed 3776K, reserved 1048576K
}

